2018-03-20 08:40:35,101 INFO 6800 [egg-logrotator] app logger reload: got log-reload message
2018-03-20 08:40:42,620 INFO 6800 [egg-mongoose] mongodb://10.50.1.250:27017/test connected successfully
2018-03-20 08:40:42,620 INFO 6800 [egg-mongoose] mongodb://10.50.1.250:27017/test reconnected successfully
2018-03-20 09:02:55,511 INFO 11300 [egg:logger] init all loggers with options: {"dir":"E:\\JS\\pass3\\logs\\passport","encoding":"utf8","env":"local","level":"INFO","consoleLevel":"INFO","disableConsoleAfterReady":false,"outputJSON":false,"buffer":true,"appLogName":"passport-web.log","coreLogName":"egg-web.log","agentLogName":"egg-agent.log","errorLogName":"common-error.log","coreLogger":{"consoleLevel":"WARN"},"allowDebugAtProd":true,"type":"application"}
2018-03-20 09:02:55,558 INFO 11300 [egg-schedule]: register schedule E:\JS\pass3\node_modules\egg-logrotator\app\schedule\clean_log.js
2018-03-20 09:02:55,559 INFO 11300 [egg-schedule]: register schedule E:\JS\pass3\node_modules\egg-logrotator\app\schedule\rotate_by_file.js
2018-03-20 09:02:55,853 INFO 11300 [egg-mongoose] connecting mongodb://10.50.1.250:27017/test
2018-03-20 09:02:55,942 INFO 11300 [egg-static] starting static serve /public/ -> E:\JS\pass3\app\public
2018-03-20 09:02:55,946 INFO 11300 [egg-security] use methodnoallow middleware
2018-03-20 09:02:55,947 INFO 11300 [egg-security] use noopen middleware
2018-03-20 09:02:55,947 INFO 11300 [egg-security] use nosniff middleware
2018-03-20 09:02:55,948 INFO 11300 [egg-security] use xssProtection middleware
2018-03-20 09:02:55,948 INFO 11300 [egg-security] use xframe middleware
2018-03-20 09:02:55,949 INFO 11300 [egg-security] use dta middleware
2018-03-20 09:02:55,949 INFO 11300 [egg-security] compose 6 middlewares into one security middleware
2018-03-20 09:02:56,015 INFO 11300 [egg-mongoose] starting...
2018-03-20 09:02:56,058 INFO 11300 [egg-mongoose] mongodb://10.50.1.250:27017/test connected successfully
2018-03-20 09:02:56,060 INFO 11300 [egg-mongoose] start successfully and server status is ok
2018-03-20 09:02:56,062 INFO 11300 [egg-watcher:app] watcher start success
2018-03-20 09:04:51,791 INFO 11988 [egg:logger] init all loggers with options: {"dir":"E:\\JS\\pass3\\logs\\passport","encoding":"utf8","env":"local","level":"INFO","consoleLevel":"INFO","disableConsoleAfterReady":false,"outputJSON":false,"buffer":true,"appLogName":"passport-web.log","coreLogName":"egg-web.log","agentLogName":"egg-agent.log","errorLogName":"common-error.log","coreLogger":{"consoleLevel":"WARN"},"allowDebugAtProd":true,"type":"application"}
2018-03-20 09:04:51,831 INFO 11988 [egg-schedule]: register schedule E:\JS\pass3\node_modules\egg-logrotator\app\schedule\clean_log.js
2018-03-20 09:04:51,831 INFO 11988 [egg-schedule]: register schedule E:\JS\pass3\node_modules\egg-logrotator\app\schedule\rotate_by_file.js
2018-03-20 09:04:52,152 INFO 11988 [egg-mongoose] connecting mongodb://10.50.1.250:27017/test
2018-03-20 09:04:52,236 INFO 11988 [egg-static] starting static serve /public/ -> E:\JS\pass3\app\public
2018-03-20 09:04:52,238 INFO 11988 [egg-security] use methodnoallow middleware
2018-03-20 09:04:52,239 INFO 11988 [egg-security] use noopen middleware
2018-03-20 09:04:52,239 INFO 11988 [egg-security] use nosniff middleware
2018-03-20 09:04:52,239 INFO 11988 [egg-security] use xssProtection middleware
2018-03-20 09:04:52,240 INFO 11988 [egg-security] use xframe middleware
2018-03-20 09:04:52,240 INFO 11988 [egg-security] use dta middleware
2018-03-20 09:04:52,240 INFO 11988 [egg-security] compose 6 middlewares into one security middleware
2018-03-20 09:04:52,300 INFO 11988 [egg-mongoose] starting...
2018-03-20 09:04:52,344 INFO 11988 [egg-mongoose] mongodb://10.50.1.250:27017/test connected successfully
2018-03-20 09:04:52,347 INFO 11988 [egg-mongoose] start successfully and server status is ok
2018-03-20 09:04:52,352 INFO 11988 [egg-watcher:app] watcher start success
2018-03-20 09:08:19,865 INFO 2088 [egg:logger] init all loggers with options: {"dir":"E:\\JS\\pass3\\logs\\passport","encoding":"utf8","env":"local","level":"INFO","consoleLevel":"INFO","disableConsoleAfterReady":false,"outputJSON":false,"buffer":true,"appLogName":"passport-web.log","coreLogName":"egg-web.log","agentLogName":"egg-agent.log","errorLogName":"common-error.log","coreLogger":{"consoleLevel":"WARN"},"allowDebugAtProd":true,"type":"application"}
2018-03-20 09:08:19,906 INFO 2088 [egg-schedule]: register schedule E:\JS\pass3\node_modules\egg-logrotator\app\schedule\clean_log.js
2018-03-20 09:08:19,906 INFO 2088 [egg-schedule]: register schedule E:\JS\pass3\node_modules\egg-logrotator\app\schedule\rotate_by_file.js
2018-03-20 09:08:20,245 INFO 2088 [egg-mongoose] connecting mongodb://10.50.1.250:27017/test
2018-03-20 09:08:20,330 INFO 2088 [egg-static] starting static serve /public/ -> E:\JS\pass3\app\public
2018-03-20 09:08:20,333 INFO 2088 [egg-security] use methodnoallow middleware
2018-03-20 09:08:20,333 INFO 2088 [egg-security] use noopen middleware
2018-03-20 09:08:20,334 INFO 2088 [egg-security] use nosniff middleware
2018-03-20 09:08:20,334 INFO 2088 [egg-security] use xssProtection middleware
2018-03-20 09:08:20,334 INFO 2088 [egg-security] use xframe middleware
2018-03-20 09:08:20,335 INFO 2088 [egg-security] use dta middleware
2018-03-20 09:08:20,335 INFO 2088 [egg-security] compose 6 middlewares into one security middleware
2018-03-20 09:08:20,406 INFO 2088 [egg-mongoose] starting...
2018-03-20 09:08:20,458 INFO 2088 [egg-mongoose] mongodb://10.50.1.250:27017/test connected successfully
2018-03-20 09:08:20,459 INFO 2088 [egg-mongoose] start successfully and server status is ok
2018-03-20 09:08:20,463 INFO 2088 [egg-watcher:app] watcher start success
2018-03-20 09:11:06,902 INFO 11584 [egg:logger] init all loggers with options: {"dir":"E:\\JS\\pass3\\logs\\passport","encoding":"utf8","env":"local","level":"INFO","consoleLevel":"INFO","disableConsoleAfterReady":false,"outputJSON":false,"buffer":true,"appLogName":"passport-web.log","coreLogName":"egg-web.log","agentLogName":"egg-agent.log","errorLogName":"common-error.log","coreLogger":{"consoleLevel":"WARN"},"allowDebugAtProd":true,"type":"application"}
2018-03-20 09:11:06,944 INFO 11584 [egg-schedule]: register schedule E:\JS\pass3\node_modules\egg-logrotator\app\schedule\clean_log.js
2018-03-20 09:11:06,944 INFO 11584 [egg-schedule]: register schedule E:\JS\pass3\node_modules\egg-logrotator\app\schedule\rotate_by_file.js
2018-03-20 09:11:07,241 INFO 11584 [egg-mongoose] connecting mongodb://10.50.1.250:27017/test
2018-03-20 09:11:07,349 INFO 11584 [egg-static] starting static serve /public/ -> E:\JS\pass3\app\public
2018-03-20 09:11:07,351 INFO 11584 [egg-security] use methodnoallow middleware
2018-03-20 09:11:07,352 INFO 11584 [egg-security] use noopen middleware
2018-03-20 09:11:07,352 INFO 11584 [egg-security] use nosniff middleware
2018-03-20 09:11:07,353 INFO 11584 [egg-security] use xssProtection middleware
2018-03-20 09:11:07,353 INFO 11584 [egg-security] use xframe middleware
2018-03-20 09:11:07,354 INFO 11584 [egg-security] use dta middleware
2018-03-20 09:11:07,354 INFO 11584 [egg-security] compose 6 middlewares into one security middleware
2018-03-20 09:11:07,430 INFO 11584 [egg-mongoose] starting...
2018-03-20 09:11:07,469 INFO 11584 [egg-mongoose] mongodb://10.50.1.250:27017/test connected successfully
2018-03-20 09:11:07,470 INFO 11584 [egg-mongoose] start successfully and server status is ok
2018-03-20 09:11:07,473 INFO 11584 [egg-watcher:app] watcher start success
2018-03-20 09:13:39,680 INFO 11876 [egg:logger] init all loggers with options: {"dir":"E:\\JS\\pass3\\logs\\passport","encoding":"utf8","env":"local","level":"INFO","consoleLevel":"INFO","disableConsoleAfterReady":false,"outputJSON":false,"buffer":true,"appLogName":"passport-web.log","coreLogName":"egg-web.log","agentLogName":"egg-agent.log","errorLogName":"common-error.log","coreLogger":{"consoleLevel":"WARN"},"allowDebugAtProd":true,"type":"application"}
2018-03-20 09:13:39,736 INFO 11876 [egg-schedule]: register schedule E:\JS\pass3\node_modules\egg-logrotator\app\schedule\clean_log.js
2018-03-20 09:13:39,736 INFO 11876 [egg-schedule]: register schedule E:\JS\pass3\node_modules\egg-logrotator\app\schedule\rotate_by_file.js
2018-03-20 09:13:40,085 INFO 11876 [egg-mongoose] connecting mongodb://10.50.1.250:27017/test
2018-03-20 09:13:40,164 INFO 11876 [egg-static] starting static serve /public/ -> E:\JS\pass3\app\public
2018-03-20 09:13:40,166 INFO 11876 [egg-security] use methodnoallow middleware
2018-03-20 09:13:40,167 INFO 11876 [egg-security] use noopen middleware
2018-03-20 09:13:40,167 INFO 11876 [egg-security] use nosniff middleware
2018-03-20 09:13:40,168 INFO 11876 [egg-security] use xssProtection middleware
2018-03-20 09:13:40,168 INFO 11876 [egg-security] use xframe middleware
2018-03-20 09:13:40,169 INFO 11876 [egg-security] use dta middleware
2018-03-20 09:13:40,169 INFO 11876 [egg-security] compose 6 middlewares into one security middleware
2018-03-20 09:13:40,238 INFO 11876 [egg-mongoose] starting...
2018-03-20 09:13:40,281 INFO 11876 [egg-watcher:app] watcher start success
2018-03-20 09:13:40,293 INFO 11876 [egg-mongoose] mongodb://10.50.1.250:27017/test connected successfully
2018-03-20 09:13:40,294 INFO 11876 [egg-mongoose] start successfully and server status is ok
2018-03-20 09:14:54,697 INFO 3112 [egg:logger] init all loggers with options: {"dir":"E:\\JS\\pass3\\logs\\passport","encoding":"utf8","env":"local","level":"INFO","consoleLevel":"INFO","disableConsoleAfterReady":false,"outputJSON":false,"buffer":true,"appLogName":"passport-web.log","coreLogName":"egg-web.log","agentLogName":"egg-agent.log","errorLogName":"common-error.log","coreLogger":{"consoleLevel":"WARN"},"allowDebugAtProd":true,"type":"application"}
2018-03-20 09:14:54,744 INFO 3112 [egg-schedule]: register schedule E:\JS\pass3\node_modules\egg-logrotator\app\schedule\clean_log.js
2018-03-20 09:14:54,744 INFO 3112 [egg-schedule]: register schedule E:\JS\pass3\node_modules\egg-logrotator\app\schedule\rotate_by_file.js
2018-03-20 09:14:55,079 INFO 3112 [egg-mongoose] connecting mongodb://10.50.1.250:27017/test
2018-03-20 09:14:55,151 INFO 3112 [egg-static] starting static serve /public/ -> E:\JS\pass3\app\public
2018-03-20 09:14:55,154 INFO 3112 [egg-security] use methodnoallow middleware
2018-03-20 09:14:55,154 INFO 3112 [egg-security] use noopen middleware
2018-03-20 09:14:55,155 INFO 3112 [egg-security] use nosniff middleware
2018-03-20 09:14:55,155 INFO 3112 [egg-security] use xssProtection middleware
2018-03-20 09:14:55,156 INFO 3112 [egg-security] use xframe middleware
2018-03-20 09:14:55,156 INFO 3112 [egg-security] use dta middleware
2018-03-20 09:14:55,156 INFO 3112 [egg-security] compose 6 middlewares into one security middleware
2018-03-20 09:14:55,220 INFO 3112 [egg-mongoose] starting...
2018-03-20 09:14:55,258 INFO 3112 [egg-mongoose] mongodb://10.50.1.250:27017/test connected successfully
2018-03-20 09:14:55,259 INFO 3112 [egg-mongoose] start successfully and server status is ok
2018-03-20 09:14:55,261 INFO 3112 [egg-watcher:app] watcher start success
2018-03-20 13:38:26,609 WARN 3112 [ClusterClient:Watcher] follower closed, and try to init it again
2018-03-20 13:38:33,550 INFO 3112 [egg-mongoose] mongodb://10.50.1.250:27017/test connected successfully
2018-03-20 13:38:33,550 INFO 3112 [egg-mongoose] mongodb://10.50.1.250:27017/test reconnected successfully
2018-03-20 13:46:31,851 INFO 10120 [egg:logger] init all loggers with options: {"dir":"E:\\JS\\pass3\\logs\\passport","encoding":"utf8","env":"local","level":"INFO","consoleLevel":"INFO","disableConsoleAfterReady":false,"outputJSON":false,"buffer":true,"appLogName":"passport-web.log","coreLogName":"egg-web.log","agentLogName":"egg-agent.log","errorLogName":"common-error.log","coreLogger":{"consoleLevel":"WARN"},"allowDebugAtProd":true,"type":"application"}
2018-03-20 13:46:31,896 INFO 10120 [egg-schedule]: register schedule E:\JS\pass3\node_modules\egg-logrotator\app\schedule\clean_log.js
2018-03-20 13:46:31,896 INFO 10120 [egg-schedule]: register schedule E:\JS\pass3\node_modules\egg-logrotator\app\schedule\rotate_by_file.js
2018-03-20 13:46:32,194 INFO 10120 [egg-mongoose] connecting mongodb://10.50.1.250:27017/test
2018-03-20 13:46:32,293 INFO 10120 [egg-static] starting static serve /public/ -> E:\JS\pass3\app\public
2018-03-20 13:46:32,297 INFO 10120 [egg-security] use methodnoallow middleware
2018-03-20 13:46:32,297 INFO 10120 [egg-security] use noopen middleware
2018-03-20 13:46:32,298 INFO 10120 [egg-security] use nosniff middleware
2018-03-20 13:46:32,298 INFO 10120 [egg-security] use xssProtection middleware
2018-03-20 13:46:32,299 INFO 10120 [egg-security] use xframe middleware
2018-03-20 13:46:32,300 INFO 10120 [egg-security] use dta middleware
2018-03-20 13:46:32,300 INFO 10120 [egg-security] compose 6 middlewares into one security middleware
2018-03-20 13:46:32,377 INFO 10120 [egg-mongoose] starting...
2018-03-20 13:46:32,417 INFO 10120 [egg-mongoose] mongodb://10.50.1.250:27017/test connected successfully
2018-03-20 13:46:32,419 INFO 10120 [egg-mongoose] start successfully and server status is ok
2018-03-20 13:46:32,421 INFO 10120 [egg-watcher:app] watcher start success
